\BOOKMARK [1][-]{section.1}{Introdu\347\343o}{}% 1
\BOOKMARK [1][-]{section.2}{Primeira Fase}{}% 2
\BOOKMARK [2][-]{subsection.2.1}{Gerador}{section.2}% 3
\BOOKMARK [3][-]{subsubsection.2.1.1}{Caixa}{subsection.2.1}% 4
\BOOKMARK [3][-]{subsubsection.2.1.2}{Cone}{subsection.2.1}% 5
\BOOKMARK [3][-]{subsubsection.2.1.3}{Esfera}{subsection.2.1}% 6
\BOOKMARK [3][-]{subsubsection.2.1.4}{Plano}{subsection.2.1}% 7
\BOOKMARK [2][-]{subsection.2.2}{Motor}{section.2}% 8
\BOOKMARK [1][-]{section.3}{Segunda Fase}{}% 9
\BOOKMARK [2][-]{subsection.3.1}{A classe Scene Graph}{section.3}% 10
\BOOKMARK [2][-]{subsection.3.2}{Motor}{section.3}% 11
\BOOKMARK [1][-]{section.4}{Terceira Fase}{}% 12
\BOOKMARK [2][-]{subsection.4.1}{Link para um streamable com a demonstrar anima\347\343o}{section.4}% 13
\BOOKMARK [2][-]{subsection.4.2}{Modifica\347\365es \340 classe SceneGraph}{section.4}% 14
\BOOKMARK [3][-]{subsubsection.4.2.1}{Redefini\347\343o de Conceitos}{subsection.4.2}% 15
\BOOKMARK [3][-]{subsubsection.4.2.2}{Novas Funcionalidades}{subsection.4.2}% 16
\BOOKMARK [2][-]{subsection.4.3}{A classe TimedSG}{section.4}% 17
\BOOKMARK [2][-]{subsection.4.4}{Atualiza\347\365es ao Motor}{section.4}% 18
\BOOKMARK [2][-]{subsection.4.5}{Atualiza\347\365es ao Gerador}{section.4}% 19
\BOOKMARK [1][-]{section.5}{Conclus\343o}{}% 20
\BOOKMARK [1][-]{appendix.A}{Biblioteca CatmullRomMath}{}% 21
\BOOKMARK [1][-]{appendix.B}{Biblioteca Cronometro}{}% 22
\BOOKMARK [1][-]{appendix.C}{Biblioteca Engine}{}% 23
\BOOKMARK [1][-]{appendix.D}{Biblioteca Escala}{}% 24
\BOOKMARK [1][-]{appendix.E}{Biblioteca RotacaoT}{}% 25
\BOOKMARK [1][-]{appendix.F}{Biblioteca RotacaoV}{}% 26
\BOOKMARK [1][-]{appendix.G}{Biblioteca SceneGraph}{}% 27
\BOOKMARK [1][-]{appendix.H}{Biblioteca TimedSG}{}% 28
\BOOKMARK [1][-]{appendix.I}{Biblioteca TranslacaoC}{}% 29
\BOOKMARK [1][-]{appendix.J}{Biblioteca TranslacaoV}{}% 30
\BOOKMARK [1][-]{appendix.K}{C\363digo da Main}{}% 31
\BOOKMARK [1][-]{appendix.L}{Codigo do Gerador}{}% 32
\BOOKMARK [1][-]{appendix.M}{XML usado para a anima\347\343o}{}% 33
