This is pdfTeX, Version 3.14159265-2.6-1.40.18 (TeX Live 2017/Debian) (preloaded format=pdftex 2019.3.17)  5 MAY 2019 23:18
entering extended mode
 restricted \write18 enabled.
 %&-line parsing enabled.
**main.tex
(./main.tex
! Undefined control sequence.
l.22 \documentclass
                   {article}
? 
! I can't find file `{structure.tex}'.
l.24 \input{structure.tex} 
                           % Include the file specifying the document struct...

(Press Enter to retry, or Control-D to exit)
Please type another input file name: 
! Emergency stop.
l.24 \input{structure.tex} 
                           % Include the file specifying the document struct...
End of file on the terminal!

!  ==> Fatal error occurred, no output PDF file produced!
